[2025-10-12 05:32:36] === INICIO DE GUARDAR PRODUCTO ===
[2025-10-12 05:32:36] POST: Array
(
    [id_producto] => 4
    [nombre_producto] =>  Cristal
    [codigo_barras] => 2345678
    [descripcion] => Vaso Cristal
    [tamano] => Mediano
    [cantidad] => 2
    [precio_bs] => 1200.00
    [precio_usd] => 10.00
)

[2025-10-12 05:32:36] FILES: Array
(
    [imagen] => Array
        (
            [name] => 
            [full_path] => 
            [type] => 
            [tmp_name] => 
            [error] => 4
            [size] => 0
        )

)

[2025-10-12 05:32:36] ⚠️ No se subió imagen ni se mantuvo la actual.
[2025-10-12 05:32:36] Datos a guardar: Array
(
    [id_producto] => 4
    [nombre_producto] =>  Cristal
    [descripcion] => Vaso Cristal
    [tamano] => Mediano
    [cantidad] => 2
    [codigo_barras] => 2345678
    [precio_bs] => 1200.00
    [precio_usd] => 10.00
    [imagen] => 
)

[2025-10-12 05:33:20] === INICIO DE GUARDAR PRODUCTO ===
[2025-10-12 05:33:20] POST: Array
(
    [id_producto] => 1
    [imagen_actual] => jarra.png
    [nombre_producto] => Jarra
    [codigo_barras] => 12345678
    [descripcion] => Jarra de Vidrio
    [tamano] => Mediano
    [cantidad] => 0
    [precio_bs] => 2400.00
    [precio_usd] => 20.00
)

[2025-10-12 05:33:20] FILES: Array
(
    [imagen] => Array
        (
            [name] => 
            [full_path] => 
            [type] => 
            [tmp_name] => 
            [error] => 4
            [size] => 0
        )

)

[2025-10-12 05:33:20] ⚠️ No se subió imagen ni se mantuvo la actual.
[2025-10-12 05:33:20] Datos a guardar: Array
(
    [id_producto] => 1
    [nombre_producto] => Jarra
    [descripcion] => Jarra de Vidrio
    [tamano] => Mediano
    [cantidad] => 0
    [codigo_barras] => 12345678
    [precio_bs] => 2400.00
    [precio_usd] => 20.00
    [imagen] => 
)

[2025-10-12 05:33:34] === INICIO DE GUARDAR PRODUCTO ===
[2025-10-12 05:33:34] POST: Array
(
    [id_producto] => 1
    [imagen_actual] => jarra.png
    [nombre_producto] => Jarra
    [codigo_barras] => 12345678
    [descripcion] => Jarra de Vidrio
    [tamano] => Mediano
    [cantidad] => 0
    [precio_bs] => 2400.00
    [precio_usd] => 20.00
)

[2025-10-12 05:33:34] FILES: Array
(
    [imagen] => Array
        (
            [name] => jarra.png
            [full_path] => jarra.png
            [type] => image/png
            [tmp_name] => C:\xampp\tmp\php79D2.tmp
            [error] => 0
            [size] => 1020736
        )

)

[2025-10-12 05:33:34] ✅ Imagen recibida: jarra.png
[2025-10-12 05:33:34] ✅ Imagen guardada como: 68eb218e3f25e.png
[2025-10-12 05:33:34] Datos a guardar: Array
(
    [id_producto] => 1
    [nombre_producto] => Jarra
    [descripcion] => Jarra de Vidrio
    [tamano] => Mediano
    [cantidad] => 0
    [codigo_barras] => 12345678
    [precio_bs] => 2400.00
    [precio_usd] => 20.00
    [imagen] => 68eb218e3f25e.png
)

[2025-10-15 02:16:20] === INICIO DE GUARDAR PRODUCTO ===
[2025-10-15 02:16:20] POST: Array
(
    [id_producto] => 1
    [imagen_actual] => 68eb218e3f25e.png
    [nombre_producto] => Jarra
    [codigo_barras] => 12345678
    [descripcion] => Jarra de Vidrio
    [tamano] => Mediano
    [cantidad] => 3
    [precio_bs] => 2400.00
    [precio_usd] => 20.00
)

[2025-10-15 02:16:20] FILES: Array
(
)

[2025-10-15 02:16:20] ⚠️ No se subió imagen ni se mantuvo la actual.
[2025-10-15 02:16:20] Datos a guardar: Array
(
    [id_producto] => 1
    [nombre_producto] => Jarra
    [descripcion] => Jarra de Vidrio
    [tamano] => Mediano
    [cantidad] => 3
    [codigo_barras] => 12345678
    [precio_bs] => 2400.00
    [precio_usd] => 20.00
    [imagen] => 
)

[2025-10-15 02:16:28] === INICIO DE GUARDAR PRODUCTO ===
[2025-10-15 02:16:28] POST: Array
(
    [id_producto] => 4
    [nombre_producto] =>  Cristal
    [codigo_barras] => 2345678
    [descripcion] => Vaso Cristal
    [tamano] => Mediano
    [cantidad] => 10
    [precio_bs] => 1200.00
    [precio_usd] => 10.00
)

[2025-10-15 02:16:28] FILES: Array
(
    [imagen] => Array
        (
            [name] => 
            [full_path] => 
            [type] => 
            [tmp_name] => 
            [error] => 4
            [size] => 0
        )

)

[2025-10-15 02:16:28] ⚠️ No se subió imagen ni se mantuvo la actual.
[2025-10-15 02:16:28] Datos a guardar: Array
(
    [id_producto] => 4
    [nombre_producto] =>  Cristal
    [descripcion] => Vaso Cristal
    [tamano] => Mediano
    [cantidad] => 10
    [codigo_barras] => 2345678
    [precio_bs] => 1200.00
    [precio_usd] => 10.00
    [imagen] => 
)

